<?xml version="1.0" encoding="UTF-8"?>
<!-- Generated by org.testng.reporters.JUnitReportReporter -->
<testsuite skipped="0" hostname="RAM" name="testcases.schedule_flight" tests="1" failures="0" timestamp="2020-07-05T11:40:40 IST" time="11.621" errors="0">
  <testcase name="scheduleFlight" time="11.621" classname="testcases.schedule_flight"/>
  <system-out/>
</testsuite> <!-- testcases.schedule_flight -->
