<?xml version="1.0" encoding="UTF-8"?>
<!-- Generated by org.testng.reporters.JUnitReportReporter -->
<testsuite skipped="0" hostname="RAM" name="testcases.route" tests="1" failures="0" timestamp="2020-07-03T18:00:20 IST" time="9.884" errors="0">
  <testcase name="route_" time="9.884" classname="testcases.route"/>
  <system-out/>
</testsuite> <!-- testcases.route -->
