<?xml version="1.0" encoding="UTF-8"?>
<!-- Generated by org.testng.reporters.JUnitReportReporter -->
<testsuite skipped="0" hostname="RAM" name="testcases.departureCalendarSelect" tests="1" failures="0" timestamp="2020-07-05T11:40:40 IST" time="10.309" errors="0">
  <testcase name="depatureCalendarClick_" time="10.309" classname="testcases.departureCalendarSelect"/>
  <system-out/>
</testsuite> <!-- testcases.departureCalendarSelect -->
