<?xml version="1.0" encoding="UTF-8"?>
<!-- Generated by org.testng.reporters.JUnitReportReporter -->
<testsuite skipped="9" hostname="RAM" name="com.extentreport.BasicExtentReport" tests="11" failures="0" timestamp="2020-07-05T11:40:40 IST" time="11.522" errors="1">
  <testcase name="tearDown" time="0.381" classname="com.extentreport.BasicExtentReport">
    <error type="org.apache.commons.mail.EmailException" message="Cannot attach file &quot;.LOGGERS.log&quot;">
      <![CDATA[org.apache.commons.mail.EmailException: Cannot attach file ".LOGGERS.log"
at org.apache.commons.mail.MultiPartEmail.attach(MultiPartEmail.java:334)
at email.Email.sendEmail(Email.java:39)
at com.extentreport.BasicExtentReport.tearDown(BasicExtentReport.java:275)
at sun.reflect.NativeMethodAccessorImpl.invoke0(Native Method)
at sun.reflect.NativeMethodAccessorImpl.invoke(NativeMethodAccessorImpl.java:62)
at sun.reflect.DelegatingMethodAccessorImpl.invoke(DelegatingMethodAccessorImpl.java:43)
at java.lang.reflect.Method.invoke(Method.java:498)
at org.testng.internal.MethodInvocationHelper.invokeMethod(MethodInvocationHelper.java:135)
at org.testng.internal.MethodInvocationHelper.invokeMethodConsideringTimeout(MethodInvocationHelper.java:64)
at org.testng.internal.ConfigInvoker.invokeConfigurationMethod(ConfigInvoker.java:364)
at org.testng.internal.ConfigInvoker.invokeConfigurations(ConfigInvoker.java:318)
at org.testng.internal.TestInvoker.runConfigMethods(TestInvoker.java:700)
at org.testng.internal.TestInvoker.runAfterGroupsConfigurations(TestInvoker.java:676)
at org.testng.internal.TestInvoker.invokeMethod(TestInvoker.java:660)
at org.testng.internal.TestInvoker.invokeTestMethod(TestInvoker.java:174)
at org.testng.internal.MethodRunner.runInSequence(MethodRunner.java:46)
at org.testng.internal.TestInvoker$MethodInvocationAgent.invoke(TestInvoker.java:821)
at org.testng.internal.TestInvoker.invokeTestMethods(TestInvoker.java:147)
at org.testng.internal.TestMethodWorker.invokeTestMethods(TestMethodWorker.java:146)
at org.testng.internal.TestMethodWorker.run(TestMethodWorker.java:128)
at java.util.ArrayList.forEach(ArrayList.java:1257)
at org.testng.TestRunner.privateRun(TestRunner.java:767)
at org.testng.TestRunner.run(TestRunner.java:588)
at org.testng.SuiteRunner.runTest(SuiteRunner.java:384)
at org.testng.SuiteRunner.runSequentially(SuiteRunner.java:378)
at org.testng.SuiteRunner.privateRun(SuiteRunner.java:337)
at org.testng.SuiteRunner.run(SuiteRunner.java:286)
at org.testng.SuiteRunnerWorker.runSuite(SuiteRunnerWorker.java:53)
at org.testng.SuiteRunnerWorker.run(SuiteRunnerWorker.java:96)
at org.testng.TestNG.runSuitesSequentially(TestNG.java:1214)
at org.testng.TestNG.runSuitesLocally(TestNG.java:1136)
at org.testng.TestNG.runSuites(TestNG.java:1066)
at org.testng.TestNG.run(TestNG.java:1034)
at org.testng.remote.AbstractRemoteTestNG.run(AbstractRemoteTestNG.java:115)
at org.testng.remote.RemoteTestNG.initAndRun(RemoteTestNG.java:251)
at org.testng.remote.RemoteTestNG.main(RemoteTestNG.java:77)
Caused by: java.io.IOException: ".LOGGERS.log" does not exist
at org.apache.commons.mail.MultiPartEmail.attach(MultiPartEmail.java:323)
... 35 more
]]>
    </error>
  </testcase> <!-- tearDown -->
  <system-out/>
  <testcase name="test9" time="0.000" classname="com.extentreport.BasicExtentReport">
    <skipped/>
  </testcase> <!-- test9 -->
  <system-out/>
  <testcase name="test3" time="0.000" classname="com.extentreport.BasicExtentReport">
    <skipped/>
  </testcase> <!-- test3 -->
  <system-out/>
  <testcase name="test5" time="0.000" classname="com.extentreport.BasicExtentReport">
    <skipped/>
  </testcase> <!-- test5 -->
  <system-out/>
  <testcase name="test6" time="0.000" classname="com.extentreport.BasicExtentReport">
    <skipped/>
  </testcase> <!-- test6 -->
  <system-out/>
  <testcase name="test7" time="0.000" classname="com.extentreport.BasicExtentReport">
    <skipped/>
  </testcase> <!-- test7 -->
  <system-out/>
  <testcase name="test4" time="0.000" classname="com.extentreport.BasicExtentReport">
    <skipped/>
  </testcase> <!-- test4 -->
  <system-out/>
  <testcase name="test10" time="0.000" classname="com.extentreport.BasicExtentReport">
    <skipped/>
  </testcase> <!-- test10 -->
  <system-out/>
  <testcase name="test2" time="0.000" classname="com.extentreport.BasicExtentReport">
    <skipped/>
  </testcase> <!-- test2 -->
  <system-out/>
  <testcase name="test8" time="0.000" classname="com.extentreport.BasicExtentReport">
    <skipped/>
  </testcase> <!-- test8 -->
  <system-out/>
  <testcase name="test1" time="11.141" classname="com.extentreport.BasicExtentReport"/>
  <system-out/>
</testsuite> <!-- com.extentreport.BasicExtentReport -->
