<?xml version="1.0" encoding="UTF-8"?>
<!-- Generated by org.testng.reporters.JUnitReportReporter -->
<testsuite skipped="0" hostname="RAM" name="base.excel" tests="1" failures="0" timestamp="2020-07-02T06:52:57 IST" time="9.918" errors="0">
  <testcase name="signin" time="9.918" classname="base.excel"/>
  <system-out/>
</testsuite> <!-- base.excel -->
