<?xml version="1.0" encoding="UTF-8"?>
<!-- Generated by org.testng.reporters.JUnitReportReporter -->
<testsuite skipped="0" hostname="RAM" name="testcases.route" tests="1" failures="0" timestamp="2020-07-05T11:40:40 IST" time="10.602" errors="0">
  <testcase name="route_" time="10.602" classname="testcases.route"/>
  <system-out/>
</testsuite> <!-- testcases.route -->
