<?xml version="1.0" encoding="UTF-8"?>
<!-- Generated by org.testng.reporters.JUnitReportReporter -->
<testsuite skipped="0" hostname="RAM" name="testcases.excel" tests="1" failures="0" timestamp="2020-07-03T12:36:02 IST" time="10.248" errors="0">
  <testcase name="signin" time="10.248" classname="testcases.excel"/>
  <system-out/>
</testsuite> <!-- testcases.excel -->
