<?xml version="1.0" encoding="UTF-8"?>
<!-- Generated by org.testng.reporters.JUnitReportReporter -->
<testsuite skipped="0" hostname="RAM" name="com.extentreport.BasicExtentReport" tests="11" failures="0" timestamp="2020-07-04T01:43:03 IST" time="113.193" errors="1">
  <testcase name="test6" time="16.673" classname="com.extentreport.BasicExtentReport"/>
  <system-out/>
  <testcase name="test3" time="9.284" classname="com.extentreport.BasicExtentReport"/>
  <system-out/>
  <testcase name="test7" time="10.132" classname="com.extentreport.BasicExtentReport"/>
  <system-out/>
  <testcase name="test10" time="13.024" classname="com.extentreport.BasicExtentReport"/>
  <system-out/>
  <testcase name="test5" time="9.730" classname="com.extentreport.BasicExtentReport"/>
  <system-out/>
  <testcase name="test4" time="9.363" classname="com.extentreport.BasicExtentReport"/>
  <system-out/>
  <testcase name="test9" time="13.418" classname="com.extentreport.BasicExtentReport"/>
  <system-out/>
  <testcase name="test1" time="11.425" classname="com.extentreport.BasicExtentReport"/>
  <system-out/>
  <testcase name="tearDown" time="0.529" classname="com.extentreport.BasicExtentReport">
    <error type="org.apache.commons.mail.EmailException" message="Cannot attach file &quot;.LOGGERS.log&quot;">
      <![CDATA[org.apache.commons.mail.EmailException: Cannot attach file ".LOGGERS.log"
at org.apache.commons.mail.MultiPartEmail.attach(MultiPartEmail.java:334)
at email.Email.sendEmail(Email.java:39)
at com.extentreport.BasicExtentReport.tearDown(BasicExtentReport.java:270)
at sun.reflect.NativeMethodAccessorImpl.invoke0(Native Method)
at sun.reflect.NativeMethodAccessorImpl.invoke(NativeMethodAccessorImpl.java:62)
at sun.reflect.DelegatingMethodAccessorImpl.invoke(DelegatingMethodAccessorImpl.java:43)
at java.lang.reflect.Method.invoke(Method.java:498)
at org.testng.internal.MethodInvocationHelper.invokeMethod(MethodInvocationHelper.java:135)
at org.testng.internal.MethodInvocationHelper.invokeMethodConsideringTimeout(MethodInvocationHelper.java:64)
at org.testng.internal.ConfigInvoker.invokeConfigurationMethod(ConfigInvoker.java:364)
at org.testng.internal.ConfigInvoker.invokeConfigurations(ConfigInvoker.java:318)
at org.testng.SuiteRunner.privateRun(SuiteRunner.java:351)
at org.testng.SuiteRunner.run(SuiteRunner.java:286)
at org.testng.SuiteRunnerWorker.runSuite(SuiteRunnerWorker.java:53)
at org.testng.SuiteRunnerWorker.run(SuiteRunnerWorker.java:96)
at org.testng.TestNG.runSuitesSequentially(TestNG.java:1214)
at org.testng.TestNG.runSuitesLocally(TestNG.java:1136)
at org.testng.TestNG.runSuites(TestNG.java:1066)
at org.testng.TestNG.run(TestNG.java:1034)
at org.testng.remote.AbstractRemoteTestNG.run(AbstractRemoteTestNG.java:115)
at org.testng.remote.RemoteTestNG.initAndRun(RemoteTestNG.java:251)
at org.testng.remote.RemoteTestNG.main(RemoteTestNG.java:77)
Caused by: java.io.IOException: ".LOGGERS.log" does not exist
at org.apache.commons.mail.MultiPartEmail.attach(MultiPartEmail.java:323)
... 21 more
]]>
    </error>
  </testcase> <!-- tearDown -->
  <system-out/>
  <testcase name="test2" time="10.161" classname="com.extentreport.BasicExtentReport"/>
  <system-out/>
  <testcase name="test8" time="9.454" classname="com.extentreport.BasicExtentReport"/>
  <system-out/>
</testsuite> <!-- com.extentreport.BasicExtentReport -->
