<?xml version="1.0" encoding="UTF-8"?>
<!-- Generated by org.testng.reporters.JUnitReportReporter -->
<testsuite skipped="0" hostname="RAM" name="testcases.AddFlightDetails" tests="1" failures="0" timestamp="2020-07-03T18:00:20 IST" time="12.589" errors="0">
  <testcase name="scheduleFlight" time="12.589" classname="testcases.AddFlightDetails"/>
  <system-out/>
</testsuite> <!-- testcases.AddFlightDetails -->
