<?xml version="1.0" encoding="UTF-8"?>
<!-- Generated by org.testng.reporters.JUnitReportReporter -->
<testsuite skipped="0" hostname="RAM" name="testcases.CostOfClass" tests="1" failures="0" timestamp="2020-07-03T18:00:20 IST" time="14.151" errors="0">
  <testcase name="scheduleFlight" time="14.151" classname="testcases.CostOfClass"/>
  <system-out/>
</testsuite> <!-- testcases.CostOfClass -->
