<?xml version="1.0" encoding="UTF-8"?>
<!-- Generated by org.testng.reporters.JUnitReportReporter -->
<testsuite skipped="0" hostname="RAM" name="testcases.schedule_flight" tests="1" failures="0" timestamp="2020-07-03T18:00:20 IST" time="12.476" errors="0">
  <testcase name="scheduleFlight" time="12.476" classname="testcases.schedule_flight"/>
  <system-out/>
</testsuite> <!-- testcases.schedule_flight -->
