<?xml version="1.0" encoding="UTF-8"?>
<!-- Generated by org.testng.reporters.JUnitReportReporter -->
<testsuite skipped="0" hostname="RAM" name="testcases.ArrivalCalendarSelect" tests="1" failures="0" timestamp="2020-07-05T11:40:40 IST" time="12.148" errors="0">
  <testcase name="ArrivalCalendarSelect_" time="12.148" classname="testcases.ArrivalCalendarSelect"/>
  <system-out/>
</testsuite> <!-- testcases.ArrivalCalendarSelect -->
