<?xml version="1.0" encoding="UTF-8"?>
<!-- Generated by org.testng.reporters.JUnitReportReporter -->
<testsuite skipped="0" hostname="RAM" name="testcases.departureCalendarSelect" tests="1" failures="0" timestamp="2020-07-03T18:00:20 IST" time="8.984" errors="0">
  <testcase name="depatureCalendarClick_" time="8.984" classname="testcases.departureCalendarSelect"/>
  <system-out/>
</testsuite> <!-- testcases.departureCalendarSelect -->
