<?xml version="1.0" encoding="UTF-8"?>
<!-- Generated by org.testng.reporters.JUnitReportReporter -->
<testsuite skipped="0" hostname="RAM" name="testcases.depatureCalendarClick" tests="1" failures="0" timestamp="2020-07-03T18:00:20 IST" time="12.995" errors="0">
  <testcase name="depatureCalendarClick_" time="12.995" classname="testcases.depatureCalendarClick"/>
  <system-out/>
</testsuite> <!-- testcases.depatureCalendarClick -->
