<?xml version="1.0" encoding="UTF-8"?>
<!-- Generated by org.testng.reporters.JUnitReportReporter -->
<testsuite skipped="0" hostname="RAM" name="testcases.ArrivalCalendarSelect" tests="1" failures="0" timestamp="2020-07-03T18:00:20 IST" time="11.091" errors="0">
  <testcase name="ArrivalCalendarSelect_" time="11.091" classname="testcases.ArrivalCalendarSelect"/>
  <system-out/>
</testsuite> <!-- testcases.ArrivalCalendarSelect -->
