<?xml version="1.0" encoding="UTF-8"?>
<!-- Generated by org.testng.reporters.JUnitReportReporter -->
<testsuite skipped="0" hostname="RAM" name="testcases.AddFlightDetails" tests="1" failures="0" timestamp="2020-07-05T11:40:40 IST" time="14.112" errors="0">
  <testcase name="scheduleFlight" time="14.112" classname="testcases.AddFlightDetails"/>
  <system-out/>
</testsuite> <!-- testcases.AddFlightDetails -->
