<?xml version="1.0" encoding="UTF-8"?>
<!-- Generated by org.testng.reporters.JUnitReportReporter -->
<testsuite skipped="0" hostname="RAM" name="testcases.DepartureTimeClick" tests="1" failures="0" timestamp="2020-07-05T11:40:40 IST" time="8.609" errors="0">
  <testcase name="DepartureTimeClick_" time="8.609" classname="testcases.DepartureTimeClick"/>
  <system-out/>
</testsuite> <!-- testcases.DepartureTimeClick -->
