<?xml version="1.0" encoding="UTF-8"?>
<!-- Generated by org.testng.reporters.JUnitReportReporter -->
<testsuite skipped="0" hostname="RAM" name="testng.Test1" tests="4" failures="0" timestamp="2020-06-29T10:39:22 IST" time="0.020" errors="0">
  <testcase name="test1" time="0.004" classname="testng.Test1"/>
  <system-out/>
  <testcase name="test2" time="0.004" classname="testng.Test1"/>
  <system-out/>
  <testcase name="sub" time="0.000" classname="testng.Test1"/>
  <system-out/>
  <testcase name="add" time="0.012" classname="testng.Test1"/>
  <system-out/>
</testsuite> <!-- testng.Test1 -->
