<?xml version="1.0" encoding="UTF-8"?>
<!-- Generated by org.testng.reporters.JUnitReportReporter -->
<testsuite skipped="0" hostname="RAM" name="testcases.ArrivalTimeClick" tests="1" failures="0" timestamp="2020-07-03T18:00:20 IST" time="14.195" errors="0">
  <testcase name="DepartureTimeClick_" time="14.195" classname="testcases.ArrivalTimeClick"/>
  <system-out/>
</testsuite> <!-- testcases.ArrivalTimeClick -->
