<?xml version="1.0" encoding="UTF-8"?>
<!-- Generated by org.testng.reporters.JUnitReportReporter -->
<testsuite skipped="0" hostname="RAM" name="testcases.ArrivalTimeClick" tests="1" failures="0" timestamp="2020-07-05T11:40:40 IST" time="14.668" errors="0">
  <testcase name="ArrivalTimeClick_" time="14.668" classname="testcases.ArrivalTimeClick"/>
  <system-out/>
</testsuite> <!-- testcases.ArrivalTimeClick -->
