<?xml version="1.0" encoding="UTF-8"?>
<!-- Generated by org.testng.reporters.JUnitReportReporter -->
<testsuite skipped="0" hostname="RAM" name="testcases.scheduleflightpage" tests="1" failures="0" timestamp="2020-07-05T11:40:40 IST" time="10.439" errors="0">
  <testcase name="signin" time="10.439" classname="testcases.scheduleflightpage"/>
  <system-out/>
</testsuite> <!-- testcases.scheduleflightpage -->
