<?xml version="1.0" encoding="UTF-8"?>
<!-- Generated by org.testng.reporters.JUnitReportReporter -->
<testsuite skipped="0" hostname="RAM" name="testcases.scheduleflightpage" tests="1" failures="0" timestamp="2020-07-04T00:16:26 IST" time="9.115" errors="0">
  <testcase name="signin" time="9.115" classname="testcases.scheduleflightpage"/>
  <system-out/>
</testsuite> <!-- testcases.scheduleflightpage -->
