<?xml version="1.0" encoding="UTF-8"?>
<!-- Generated by org.testng.reporters.JUnitReportReporter -->
<testsuite skipped="0" hostname="RAM" name="testcases.arrivalCalendarClick" tests="1" failures="0" timestamp="2020-07-05T11:40:40 IST" time="10.573" errors="0">
  <testcase name="arrivalCalendarClick_" time="10.573" classname="testcases.arrivalCalendarClick"/>
  <system-out/>
</testsuite> <!-- testcases.arrivalCalendarClick -->
