<?xml version="1.0" encoding="UTF-8"?>
<!-- Generated by org.testng.reporters.JUnitReportReporter -->
<testsuite skipped="0" hostname="RAM" name="com.extentreport.BasicExtentReport" tests="10" failures="0" timestamp="2020-07-05T12:29:03 IST" time="119.907" errors="0">
  <testcase name="test4" time="9.496" classname="com.extentreport.BasicExtentReport"/>
  <system-out/>
  <testcase name="test9" time="14.819" classname="com.extentreport.BasicExtentReport"/>
  <system-out/>
  <testcase name="test3" time="11.356" classname="com.extentreport.BasicExtentReport"/>
  <system-out/>
  <testcase name="test6" time="15.407" classname="com.extentreport.BasicExtentReport"/>
  <system-out/>
  <testcase name="test7" time="10.588" classname="com.extentreport.BasicExtentReport"/>
  <system-out/>
  <testcase name="test10" time="14.151" classname="com.extentreport.BasicExtentReport"/>
  <system-out/>
  <testcase name="test1" time="12.552" classname="com.extentreport.BasicExtentReport"/>
  <system-out/>
  <testcase name="test2" time="10.635" classname="com.extentreport.BasicExtentReport"/>
  <system-out/>
  <testcase name="test5" time="10.567" classname="com.extentreport.BasicExtentReport"/>
  <system-out/>
  <testcase name="test8" time="10.336" classname="com.extentreport.BasicExtentReport"/>
  <system-out/>
</testsuite> <!-- com.extentreport.BasicExtentReport -->
